2018-11-06 15:06:53,564 [DEBUG][main            ][kdv.taxis.dbapi.BrandServiceImpl] - TRY TO GET RESOURCE FROM mybatis-config.xml
2018-11-06 15:06:53,845 [DEBUG][main            ][apache.ibatis.logging.LogFactory] - Logging initialized using 'class org.apache.ibatis.logging.log4j.Log4jImpl' adapter.
2018-11-06 15:06:54,132 [DEBUG][main            ][apache.ibatis.logging.LogFactory] - Logging initialized using 'class org.apache.ibatis.logging.log4j.Log4jImpl' adapter.
2018-11-06 15:06:54,194 [DEBUG][main            ][tasource.pooled.PooledDataSource] - PooledDataSource forcefully closed/removed all connections.
2018-11-06 15:06:54,194 [DEBUG][main            ][tasource.pooled.PooledDataSource] - PooledDataSource forcefully closed/removed all connections.
2018-11-06 15:06:54,194 [DEBUG][main            ][tasource.pooled.PooledDataSource] - PooledDataSource forcefully closed/removed all connections.
2018-11-06 15:06:54,194 [DEBUG][main            ][tasource.pooled.PooledDataSource] - PooledDataSource forcefully closed/removed all connections.
2018-11-06 15:06:54,241 [DEBUG][main            ][        com.kdv.taxis.bean.Brand] - Set brand id
2018-11-06 15:06:54,241 [DEBUG][main            ][        com.kdv.taxis.bean.Brand] - Set brand name
2018-11-06 15:06:54,241 [DEBUG][main            ][        com.kdv.taxis.bean.Brand] - Set brand id
2018-11-06 15:06:54,241 [DEBUG][main            ][        com.kdv.taxis.bean.Brand] - Set brand name
2018-11-06 15:06:54,241 [DEBUG][main            ][        com.kdv.taxis.bean.Brand] - Set brand id
2018-11-06 15:06:54,241 [DEBUG][main            ][        com.kdv.taxis.bean.Brand] - Set brand name
2018-11-06 15:06:54,257 [DEBUG][main            ][transaction.jdbc.JdbcTransaction] - Opening JDBC Connection
2018-11-06 15:06:54,413 [DEBUG][main            ][tasource.pooled.PooledDataSource] - Created connection 1926004335.
2018-11-06 15:06:54,413 [DEBUG][main            ][transaction.jdbc.JdbcTransaction] - Setting autocommit to false on JDBC Connection [org.mariadb.jdbc.MariaDbConnection@72cc7e6f]
2018-11-06 15:06:54,475 [DEBUG][main            ][mapper.IBrandMapper.getBrandById] - ==>  Preparing: Select * from Brand where id = ? 
2018-11-06 15:06:54,553 [DEBUG][main            ][mapper.IBrandMapper.getBrandById] - ==> Parameters: 2(Integer)
2018-11-06 15:06:54,600 [TRACE][main            ][mapper.IBrandMapper.getBrandById] - <==    Columns: id, name
2018-11-06 15:06:54,600 [TRACE][main            ][mapper.IBrandMapper.getBrandById] - <==        Row: 2, VW
2018-11-06 15:06:54,600 [DEBUG][main            ][        com.kdv.taxis.bean.Brand] - Set brand id
2018-11-06 15:06:54,600 [DEBUG][main            ][        com.kdv.taxis.bean.Brand] - Set brand name
2018-11-06 15:06:54,600 [DEBUG][main            ][mapper.IBrandMapper.getBrandById] - <==      Total: 1
2018-11-06 15:06:54,616 [DEBUG][main            ][kdv.taxis.dbapi.BrandServiceImpl] - GET BRAND BY ID = 2 FROM TAXIS.BRAND
2018-11-06 15:07:16,458 [DEBUG][main            ][kdv.taxis.dbapi.BrandServiceImpl] - TRY TO GET RESOURCE FROM mybatis-config.xml
2018-11-06 15:07:16,724 [DEBUG][main            ][apache.ibatis.logging.LogFactory] - Logging initialized using 'class org.apache.ibatis.logging.log4j.Log4jImpl' adapter.
2018-11-06 15:07:16,943 [DEBUG][main            ][apache.ibatis.logging.LogFactory] - Logging initialized using 'class org.apache.ibatis.logging.log4j.Log4jImpl' adapter.
2018-11-06 15:07:16,974 [DEBUG][main            ][tasource.pooled.PooledDataSource] - PooledDataSource forcefully closed/removed all connections.
2018-11-06 15:07:16,974 [DEBUG][main            ][tasource.pooled.PooledDataSource] - PooledDataSource forcefully closed/removed all connections.
2018-11-06 15:07:16,974 [DEBUG][main            ][tasource.pooled.PooledDataSource] - PooledDataSource forcefully closed/removed all connections.
2018-11-06 15:07:16,974 [DEBUG][main            ][tasource.pooled.PooledDataSource] - PooledDataSource forcefully closed/removed all connections.
2018-11-06 15:07:17,037 [DEBUG][main            ][        com.kdv.taxis.bean.Brand] - Set brand id
2018-11-06 15:07:17,037 [DEBUG][main            ][        com.kdv.taxis.bean.Brand] - Set brand name
2018-11-06 15:07:17,037 [DEBUG][main            ][        com.kdv.taxis.bean.Brand] - Set brand id
2018-11-06 15:07:17,037 [DEBUG][main            ][        com.kdv.taxis.bean.Brand] - Set brand name
2018-11-06 15:07:17,037 [DEBUG][main            ][        com.kdv.taxis.bean.Brand] - Set brand id
2018-11-06 15:07:17,037 [DEBUG][main            ][        com.kdv.taxis.bean.Brand] - Set brand name
2018-11-06 15:07:17,052 [DEBUG][main            ][transaction.jdbc.JdbcTransaction] - Opening JDBC Connection
2018-11-06 15:07:17,208 [DEBUG][main            ][tasource.pooled.PooledDataSource] - Created connection 1926004335.
2018-11-06 15:07:17,208 [DEBUG][main            ][transaction.jdbc.JdbcTransaction] - Setting autocommit to false on JDBC Connection [org.mariadb.jdbc.MariaDbConnection@72cc7e6f]
2018-11-06 15:07:17,240 [DEBUG][main            ][apper.IBrandMapper.getBrandCount] - ==>  Preparing: Select count(id) from Brand 
2018-11-06 15:07:17,333 [DEBUG][main            ][apper.IBrandMapper.getBrandCount] - ==> Parameters: 
2018-11-06 15:07:17,412 [TRACE][main            ][apper.IBrandMapper.getBrandCount] - <==    Columns: count(id)
2018-11-06 15:07:17,412 [TRACE][main            ][apper.IBrandMapper.getBrandCount] - <==        Row: 3
2018-11-06 15:07:17,427 [DEBUG][main            ][apper.IBrandMapper.getBrandCount] - <==      Total: 1
2018-11-06 15:07:17,427 [DEBUG][main            ][kdv.taxis.dbapi.BrandServiceImpl] - GET RECORD COUNT TAXIS.BRAND
2018-11-06 15:25:33,928 [DEBUG][main            ][apache.ibatis.logging.LogFactory] - Logging initialized using 'class org.apache.ibatis.logging.log4j.Log4jImpl' adapter.
2018-11-06 15:25:34,257 [DEBUG][main            ][apache.ibatis.logging.LogFactory] - Logging initialized using 'class org.apache.ibatis.logging.log4j.Log4jImpl' adapter.
2018-11-06 15:25:34,303 [DEBUG][main            ][tasource.pooled.PooledDataSource] - PooledDataSource forcefully closed/removed all connections.
2018-11-06 15:25:34,303 [DEBUG][main            ][tasource.pooled.PooledDataSource] - PooledDataSource forcefully closed/removed all connections.
2018-11-06 15:25:34,303 [DEBUG][main            ][tasource.pooled.PooledDataSource] - PooledDataSource forcefully closed/removed all connections.
2018-11-06 15:25:34,303 [DEBUG][main            ][tasource.pooled.PooledDataSource] - PooledDataSource forcefully closed/removed all connections.
2018-11-06 15:25:34,366 [DEBUG][main            ][kdv.taxis.dbapi.BrandServiceImpl] - GET ALL CAR LEVEL FROM TAXIS.CAR 
2018-11-06 15:25:34,366 [DEBUG][main            ][transaction.jdbc.JdbcTransaction] - Opening JDBC Connection
2018-11-06 15:25:34,522 [DEBUG][main            ][tasource.pooled.PooledDataSource] - Created connection 1926004335.
2018-11-06 15:25:34,522 [DEBUG][main            ][transaction.jdbc.JdbcTransaction] - Setting autocommit to false on JDBC Connection [org.mariadb.jdbc.MariaDbConnection@72cc7e6f]
2018-11-06 15:25:34,553 [DEBUG][main            ][pper.ILevelMapper.getAllLevelCar] - ==>  Preparing: Select * from Level 
2018-11-06 15:25:34,632 [DEBUG][main            ][pper.ILevelMapper.getAllLevelCar] - ==> Parameters: 
2018-11-06 15:25:34,803 [TRACE][main            ][pper.ILevelMapper.getAllLevelCar] - <==    Columns: id, name
2018-11-06 15:25:34,803 [TRACE][main            ][pper.ILevelMapper.getAllLevelCar] - <==        Row: 1, PASSENGER
2018-11-06 15:25:34,803 [TRACE][main            ][pper.ILevelMapper.getAllLevelCar] - <==        Row: 2, MINIVAN
2018-11-06 15:25:34,803 [TRACE][main            ][pper.ILevelMapper.getAllLevelCar] - <==        Row: 3, CARGO
2018-11-06 15:25:34,803 [DEBUG][main            ][pper.ILevelMapper.getAllLevelCar] - <==      Total: 3
2018-11-06 15:25:59,344 [DEBUG][main            ][apache.ibatis.logging.LogFactory] - Logging initialized using 'class org.apache.ibatis.logging.log4j.Log4jImpl' adapter.
2018-11-06 15:25:59,563 [DEBUG][main            ][apache.ibatis.logging.LogFactory] - Logging initialized using 'class org.apache.ibatis.logging.log4j.Log4jImpl' adapter.
2018-11-06 15:25:59,610 [DEBUG][main            ][tasource.pooled.PooledDataSource] - PooledDataSource forcefully closed/removed all connections.
2018-11-06 15:25:59,610 [DEBUG][main            ][tasource.pooled.PooledDataSource] - PooledDataSource forcefully closed/removed all connections.
2018-11-06 15:25:59,610 [DEBUG][main            ][tasource.pooled.PooledDataSource] - PooledDataSource forcefully closed/removed all connections.
2018-11-06 15:25:59,610 [DEBUG][main            ][tasource.pooled.PooledDataSource] - PooledDataSource forcefully closed/removed all connections.
2018-11-06 15:25:59,641 [DEBUG][main            ][kdv.taxis.dbapi.BrandServiceImpl] - GET ALL CAR LEVEL FROM TAXIS.CAR 
2018-11-06 15:25:59,672 [DEBUG][main            ][transaction.jdbc.JdbcTransaction] - Opening JDBC Connection
2018-11-06 15:25:59,813 [DEBUG][main            ][tasource.pooled.PooledDataSource] - Created connection 1926004335.
2018-11-06 15:25:59,813 [DEBUG][main            ][transaction.jdbc.JdbcTransaction] - Setting autocommit to false on JDBC Connection [org.mariadb.jdbc.MariaDbConnection@72cc7e6f]
2018-11-06 15:25:59,844 [DEBUG][main            ][pper.ILevelMapper.getAllLevelCar] - ==>  Preparing: Select * from Level 
2018-11-06 15:25:59,938 [DEBUG][main            ][pper.ILevelMapper.getAllLevelCar] - ==> Parameters: 
2018-11-06 15:25:59,985 [TRACE][main            ][pper.ILevelMapper.getAllLevelCar] - <==    Columns: id, name
2018-11-06 15:25:59,985 [TRACE][main            ][pper.ILevelMapper.getAllLevelCar] - <==        Row: 1, PASSENGER
2018-11-06 15:25:59,985 [TRACE][main            ][pper.ILevelMapper.getAllLevelCar] - <==        Row: 2, MINIVAN
2018-11-06 15:26:00,000 [TRACE][main            ][pper.ILevelMapper.getAllLevelCar] - <==        Row: 3, CARGO
2018-11-06 15:26:00,000 [DEBUG][main            ][pper.ILevelMapper.getAllLevelCar] - <==      Total: 3
2018-11-06 15:26:36,594 [DEBUG][main            ][apache.ibatis.logging.LogFactory] - Logging initialized using 'class org.apache.ibatis.logging.log4j.Log4jImpl' adapter.
2018-11-06 15:26:36,813 [DEBUG][main            ][apache.ibatis.logging.LogFactory] - Logging initialized using 'class org.apache.ibatis.logging.log4j.Log4jImpl' adapter.
2018-11-06 15:26:36,862 [DEBUG][main            ][tasource.pooled.PooledDataSource] - PooledDataSource forcefully closed/removed all connections.
2018-11-06 15:26:36,862 [DEBUG][main            ][tasource.pooled.PooledDataSource] - PooledDataSource forcefully closed/removed all connections.
2018-11-06 15:26:36,862 [DEBUG][main            ][tasource.pooled.PooledDataSource] - PooledDataSource forcefully closed/removed all connections.
2018-11-06 15:26:36,863 [DEBUG][main            ][tasource.pooled.PooledDataSource] - PooledDataSource forcefully closed/removed all connections.
2018-11-06 15:26:36,906 [DEBUG][main            ][kdv.taxis.dbapi.BrandServiceImpl] - GET ALL CAR LEVEL FROM TAXIS.CAR 
2018-11-06 15:26:36,922 [DEBUG][main            ][transaction.jdbc.JdbcTransaction] - Opening JDBC Connection
2018-11-06 15:26:37,063 [DEBUG][main            ][tasource.pooled.PooledDataSource] - Created connection 1926004335.
2018-11-06 15:26:37,063 [DEBUG][main            ][transaction.jdbc.JdbcTransaction] - Setting autocommit to false on JDBC Connection [org.mariadb.jdbc.MariaDbConnection@72cc7e6f]
2018-11-06 15:26:37,109 [DEBUG][main            ][pper.ILevelMapper.getAllLevelCar] - ==>  Preparing: Select * from Level 
2018-11-06 15:26:37,188 [DEBUG][main            ][pper.ILevelMapper.getAllLevelCar] - ==> Parameters: 
2018-11-06 15:26:37,234 [TRACE][main            ][pper.ILevelMapper.getAllLevelCar] - <==    Columns: id, name
2018-11-06 15:26:37,234 [TRACE][main            ][pper.ILevelMapper.getAllLevelCar] - <==        Row: 1, PASSENGER
2018-11-06 15:26:37,234 [TRACE][main            ][pper.ILevelMapper.getAllLevelCar] - <==        Row: 2, MINIVAN
2018-11-06 15:26:37,234 [TRACE][main            ][pper.ILevelMapper.getAllLevelCar] - <==        Row: 3, CARGO
2018-11-06 15:26:37,250 [DEBUG][main            ][pper.ILevelMapper.getAllLevelCar] - <==      Total: 3
2018-11-06 15:30:55,614 [DEBUG][main            ][apache.ibatis.logging.LogFactory] - Logging initialized using 'class org.apache.ibatis.logging.log4j.Log4jImpl' adapter.
2018-11-06 15:30:55,944 [DEBUG][main            ][apache.ibatis.logging.LogFactory] - Logging initialized using 'class org.apache.ibatis.logging.log4j.Log4jImpl' adapter.
2018-11-06 15:30:56,006 [DEBUG][main            ][tasource.pooled.PooledDataSource] - PooledDataSource forcefully closed/removed all connections.
2018-11-06 15:30:56,006 [DEBUG][main            ][tasource.pooled.PooledDataSource] - PooledDataSource forcefully closed/removed all connections.
2018-11-06 15:30:56,006 [DEBUG][main            ][tasource.pooled.PooledDataSource] - PooledDataSource forcefully closed/removed all connections.
2018-11-06 15:30:56,006 [DEBUG][main            ][tasource.pooled.PooledDataSource] - PooledDataSource forcefully closed/removed all connections.
2018-11-06 15:30:56,053 [DEBUG][main            ][kdv.taxis.dbapi.BrandServiceImpl] - GET ALL CAR LEVEL FROM TAXIS.CAR 
2018-11-06 15:30:56,069 [DEBUG][main            ][transaction.jdbc.JdbcTransaction] - Opening JDBC Connection
2018-11-06 15:30:56,225 [DEBUG][main            ][tasource.pooled.PooledDataSource] - Created connection 1926004335.
2018-11-06 15:30:56,225 [DEBUG][main            ][transaction.jdbc.JdbcTransaction] - Setting autocommit to false on JDBC Connection [org.mariadb.jdbc.MariaDbConnection@72cc7e6f]
2018-11-06 15:30:56,240 [DEBUG][main            ][pper.ILevelMapper.getAllLevelCar] - ==>  Preparing: Select * from Level 
2018-11-06 15:30:56,319 [DEBUG][main            ][pper.ILevelMapper.getAllLevelCar] - ==> Parameters: 
2018-11-06 15:30:56,381 [TRACE][main            ][pper.ILevelMapper.getAllLevelCar] - <==    Columns: id, name
2018-11-06 15:30:56,381 [TRACE][main            ][pper.ILevelMapper.getAllLevelCar] - <==        Row: 1, PASSENGER
2018-11-06 15:30:56,381 [TRACE][main            ][pper.ILevelMapper.getAllLevelCar] - <==        Row: 2, MINIVAN
2018-11-06 15:30:56,381 [TRACE][main            ][pper.ILevelMapper.getAllLevelCar] - <==        Row: 3, CARGO
2018-11-06 15:30:56,381 [DEBUG][main            ][pper.ILevelMapper.getAllLevelCar] - <==      Total: 3
2018-11-06 15:32:28,348 [DEBUG][main            ][apache.ibatis.logging.LogFactory] - Logging initialized using 'class org.apache.ibatis.logging.log4j.Log4jImpl' adapter.
2018-11-06 15:32:28,567 [DEBUG][main            ][apache.ibatis.logging.LogFactory] - Logging initialized using 'class org.apache.ibatis.logging.log4j.Log4jImpl' adapter.
2018-11-06 15:32:28,630 [DEBUG][main            ][tasource.pooled.PooledDataSource] - PooledDataSource forcefully closed/removed all connections.
2018-11-06 15:32:28,630 [DEBUG][main            ][tasource.pooled.PooledDataSource] - PooledDataSource forcefully closed/removed all connections.
2018-11-06 15:32:28,630 [DEBUG][main            ][tasource.pooled.PooledDataSource] - PooledDataSource forcefully closed/removed all connections.
2018-11-06 15:32:28,630 [DEBUG][main            ][tasource.pooled.PooledDataSource] - PooledDataSource forcefully closed/removed all connections.
2018-11-06 15:32:28,661 [DEBUG][main            ][kdv.taxis.dbapi.BrandServiceImpl] - GET ALL CAR LEVEL FROM TAXIS.CAR 
2018-11-06 15:32:28,676 [DEBUG][main            ][transaction.jdbc.JdbcTransaction] - Opening JDBC Connection
2018-11-06 15:32:28,833 [DEBUG][main            ][tasource.pooled.PooledDataSource] - Created connection 1926004335.
2018-11-06 15:32:28,833 [DEBUG][main            ][transaction.jdbc.JdbcTransaction] - Setting autocommit to false on JDBC Connection [org.mariadb.jdbc.MariaDbConnection@72cc7e6f]
2018-11-06 15:32:28,864 [DEBUG][main            ][pper.ILevelMapper.getAllLevelCar] - ==>  Preparing: Select * from Level 
2018-11-06 15:32:28,972 [DEBUG][main            ][pper.ILevelMapper.getAllLevelCar] - ==> Parameters: 
2018-11-06 15:32:29,019 [TRACE][main            ][pper.ILevelMapper.getAllLevelCar] - <==    Columns: id, name
2018-11-06 15:32:29,019 [TRACE][main            ][pper.ILevelMapper.getAllLevelCar] - <==        Row: 1, PASSENGER
2018-11-06 15:32:29,035 [TRACE][main            ][pper.ILevelMapper.getAllLevelCar] - <==        Row: 2, MINIVAN
2018-11-06 15:32:29,035 [TRACE][main            ][pper.ILevelMapper.getAllLevelCar] - <==        Row: 3, CARGO
2018-11-06 15:32:29,035 [DEBUG][main            ][pper.ILevelMapper.getAllLevelCar] - <==      Total: 3
2018-11-06 15:32:29,051 [DEBUG][main            ][kdv.taxis.dbapi.BrandServiceImpl] - GET ALL CAR LEVEL FROM TAXIS.CAR 
2018-11-06 15:36:45,049 [DEBUG][main            ][apache.ibatis.logging.LogFactory] - Logging initialized using 'class org.apache.ibatis.logging.log4j.Log4jImpl' adapter.
2018-11-06 15:36:45,331 [DEBUG][main            ][apache.ibatis.logging.LogFactory] - Logging initialized using 'class org.apache.ibatis.logging.log4j.Log4jImpl' adapter.
2018-11-06 15:36:45,378 [DEBUG][main            ][tasource.pooled.PooledDataSource] - PooledDataSource forcefully closed/removed all connections.
2018-11-06 15:36:45,378 [DEBUG][main            ][tasource.pooled.PooledDataSource] - PooledDataSource forcefully closed/removed all connections.
2018-11-06 15:36:45,378 [DEBUG][main            ][tasource.pooled.PooledDataSource] - PooledDataSource forcefully closed/removed all connections.
2018-11-06 15:36:45,378 [DEBUG][main            ][tasource.pooled.PooledDataSource] - PooledDataSource forcefully closed/removed all connections.
2018-11-06 15:36:45,440 [DEBUG][main            ][kdv.taxis.dbapi.BrandServiceImpl] - GET CAR LEVEL BY ID = 1 FROM TAXIS.LEVEL
2018-11-06 15:36:45,471 [DEBUG][main            ][transaction.jdbc.JdbcTransaction] - Opening JDBC Connection
2018-11-06 15:36:45,674 [DEBUG][main            ][tasource.pooled.PooledDataSource] - Created connection 1926004335.
2018-11-06 15:36:45,674 [DEBUG][main            ][transaction.jdbc.JdbcTransaction] - Setting autocommit to false on JDBC Connection [org.mariadb.jdbc.MariaDbConnection@72cc7e6f]
2018-11-06 15:36:45,706 [DEBUG][main            ][mapper.ILevelMapper.getLevelById] - ==>  Preparing: Select * from level where id =? 
2018-11-06 15:36:45,831 [DEBUG][main            ][mapper.ILevelMapper.getLevelById] - ==> Parameters: 1(Integer)
2018-11-06 15:36:45,882 [TRACE][main            ][mapper.ILevelMapper.getLevelById] - <==    Columns: id, name
2018-11-06 15:36:45,883 [TRACE][main            ][mapper.ILevelMapper.getLevelById] - <==        Row: 1, PASSENGER
2018-11-06 15:36:45,885 [DEBUG][main            ][mapper.ILevelMapper.getLevelById] - <==      Total: 1
2018-11-06 15:37:36,922 [DEBUG][main            ][apache.ibatis.logging.LogFactory] - Logging initialized using 'class org.apache.ibatis.logging.log4j.Log4jImpl' adapter.
2018-11-06 15:37:37,188 [DEBUG][main            ][apache.ibatis.logging.LogFactory] - Logging initialized using 'class org.apache.ibatis.logging.log4j.Log4jImpl' adapter.
2018-11-06 15:37:37,219 [DEBUG][main            ][tasource.pooled.PooledDataSource] - PooledDataSource forcefully closed/removed all connections.
2018-11-06 15:37:37,219 [DEBUG][main            ][tasource.pooled.PooledDataSource] - PooledDataSource forcefully closed/removed all connections.
2018-11-06 15:37:37,219 [DEBUG][main            ][tasource.pooled.PooledDataSource] - PooledDataSource forcefully closed/removed all connections.
2018-11-06 15:37:37,219 [DEBUG][main            ][tasource.pooled.PooledDataSource] - PooledDataSource forcefully closed/removed all connections.
2018-11-06 15:37:37,266 [DEBUG][main            ][kdv.taxis.dbapi.BrandServiceImpl] - GET RECORD COUNT TAXIS.LEVEL
2018-11-06 15:37:37,282 [DEBUG][main            ][transaction.jdbc.JdbcTransaction] - Opening JDBC Connection
2018-11-06 15:37:37,407 [DEBUG][main            ][tasource.pooled.PooledDataSource] - Created connection 1926004335.
2018-11-06 15:37:37,407 [DEBUG][main            ][transaction.jdbc.JdbcTransaction] - Setting autocommit to false on JDBC Connection [org.mariadb.jdbc.MariaDbConnection@72cc7e6f]
2018-11-06 15:37:37,438 [DEBUG][main            ][apper.ILevelMapper.getLevelCount] - ==>  Preparing: Select count(id) from Brand 
2018-11-06 15:37:37,532 [DEBUG][main            ][apper.ILevelMapper.getLevelCount] - ==> Parameters: 
2018-11-06 15:37:37,579 [TRACE][main            ][apper.ILevelMapper.getLevelCount] - <==    Columns: count(id)
2018-11-06 15:37:37,579 [TRACE][main            ][apper.ILevelMapper.getLevelCount] - <==        Row: 3
2018-11-06 15:37:37,594 [DEBUG][main            ][apper.ILevelMapper.getLevelCount] - <==      Total: 1
2018-11-06 15:44:29,969 [DEBUG][main            ][apache.ibatis.logging.LogFactory] - Logging initialized using 'class org.apache.ibatis.logging.log4j.Log4jImpl' adapter.
2018-11-06 15:44:30,156 [DEBUG][main            ][apache.ibatis.logging.LogFactory] - Logging initialized using 'class org.apache.ibatis.logging.log4j.Log4jImpl' adapter.
2018-11-06 15:44:30,203 [DEBUG][main            ][tasource.pooled.PooledDataSource] - PooledDataSource forcefully closed/removed all connections.
2018-11-06 15:44:30,203 [DEBUG][main            ][tasource.pooled.PooledDataSource] - PooledDataSource forcefully closed/removed all connections.
2018-11-06 15:44:30,203 [DEBUG][main            ][tasource.pooled.PooledDataSource] - PooledDataSource forcefully closed/removed all connections.
2018-11-06 15:44:30,203 [DEBUG][main            ][tasource.pooled.PooledDataSource] - PooledDataSource forcefully closed/removed all connections.
2018-11-06 15:44:30,328 [DEBUG][main            ][transaction.jdbc.JdbcTransaction] - Opening JDBC Connection
2018-11-06 15:44:30,484 [DEBUG][main            ][tasource.pooled.PooledDataSource] - Created connection 151593342.
2018-11-06 15:44:30,484 [DEBUG][main            ][transaction.jdbc.JdbcTransaction] - Setting autocommit to false on JDBC Connection [org.mariadb.jdbc.MariaDbConnection@909217e]
2018-11-06 15:44:30,531 [DEBUG][main            ][xis.mapper.ICarMapper.getCarById] - ==>  Preparing: Select * from Car where id= ? 
2018-11-06 15:44:30,609 [DEBUG][main            ][xis.mapper.ICarMapper.getCarById] - ==> Parameters: 2(Integer)
2018-11-06 15:44:30,688 [TRACE][main            ][xis.mapper.ICarMapper.getCarById] - <==    Columns: id, year, review, regNumber, idBrand, idModel, idLevel, cost, fuelCons
2018-11-06 15:44:30,688 [TRACE][main            ][xis.mapper.ICarMapper.getCarById] - <==        Row: 2, 2010, 4, 1324-IM4, 3, 4, 2, 5000, 6
2018-11-06 15:44:30,703 [DEBUG][main            ][xis.mapper.ICarMapper.getCarById] - <==      Total: 1
2018-11-06 15:44:30,703 [INFO ][main            ][        com.kdv.taxis.bean.Brand] - making toString method
2018-11-06 15:44:42,650 [DEBUG][main            ][apache.ibatis.logging.LogFactory] - Logging initialized using 'class org.apache.ibatis.logging.log4j.Log4jImpl' adapter.
2018-11-06 15:44:42,877 [DEBUG][main            ][apache.ibatis.logging.LogFactory] - Logging initialized using 'class org.apache.ibatis.logging.log4j.Log4jImpl' adapter.
2018-11-06 15:44:42,908 [DEBUG][main            ][tasource.pooled.PooledDataSource] - PooledDataSource forcefully closed/removed all connections.
2018-11-06 15:44:42,924 [DEBUG][main            ][tasource.pooled.PooledDataSource] - PooledDataSource forcefully closed/removed all connections.
2018-11-06 15:44:42,924 [DEBUG][main            ][tasource.pooled.PooledDataSource] - PooledDataSource forcefully closed/removed all connections.
2018-11-06 15:44:42,924 [DEBUG][main            ][tasource.pooled.PooledDataSource] - PooledDataSource forcefully closed/removed all connections.
2018-11-06 15:44:43,002 [DEBUG][main            ][transaction.jdbc.JdbcTransaction] - Opening JDBC Connection
2018-11-06 15:44:43,174 [DEBUG][main            ][tasource.pooled.PooledDataSource] - Created connection 151593342.
2018-11-06 15:44:43,174 [DEBUG][main            ][transaction.jdbc.JdbcTransaction] - Setting autocommit to false on JDBC Connection [org.mariadb.jdbc.MariaDbConnection@909217e]
2018-11-06 15:44:43,205 [DEBUG][main            ][r.ICarMapper.sortTaxisByFuelCons] - ==>  Preparing: Select * from Car order by fuelCons 
2018-11-06 15:44:43,299 [DEBUG][main            ][r.ICarMapper.sortTaxisByFuelCons] - ==> Parameters: 
2018-11-06 15:44:43,392 [TRACE][main            ][r.ICarMapper.sortTaxisByFuelCons] - <==    Columns: id, year, review, regNumber, idBrand, idModel, idLevel, cost, fuelCons
2018-11-06 15:44:43,392 [TRACE][main            ][r.ICarMapper.sortTaxisByFuelCons] - <==        Row: 1, 2015, 5, 1324-IM4, 1, 1, 1, 5000, 6
2018-11-06 15:44:43,408 [TRACE][main            ][r.ICarMapper.sortTaxisByFuelCons] - <==        Row: 10, 2017, 3, 6549-IM4, 2, 6, 2, 10000, 6
2018-11-06 15:44:43,408 [TRACE][main            ][r.ICarMapper.sortTaxisByFuelCons] - <==        Row: 7, 2016, 3, 1478-IM4, 1, 3, 1, 14000, 6
2018-11-06 15:44:43,408 [TRACE][main            ][r.ICarMapper.sortTaxisByFuelCons] - <==        Row: 11, 2018, 4, 7895-IM4, 1, 2, 1, 3000, 6
2018-11-06 15:44:43,408 [TRACE][main            ][r.ICarMapper.sortTaxisByFuelCons] - <==        Row: 2, 2010, 4, 1324-IM4, 3, 4, 2, 5000, 6
2018-11-06 15:44:43,408 [TRACE][main            ][r.ICarMapper.sortTaxisByFuelCons] - <==        Row: 5, 2002, 6, 7894-IM4, 1, 2, 1, 5000, 7
2018-11-06 15:44:43,408 [TRACE][main            ][r.ICarMapper.sortTaxisByFuelCons] - <==        Row: 9, 2004, 6, 6548-IM4, 3, 5, 3, 7000, 7
2018-11-06 15:44:43,408 [TRACE][main            ][r.ICarMapper.sortTaxisByFuelCons] - <==        Row: 6, 2012, 5, 2589-IM4, 2, 6, 2, 7000, 8
2018-11-06 15:44:43,424 [TRACE][main            ][r.ICarMapper.sortTaxisByFuelCons] - <==        Row: 3, 2008, 3, 1456-IM4, 3, 5, 3, 5000, 9
2018-11-06 15:44:43,424 [TRACE][main            ][r.ICarMapper.sortTaxisByFuelCons] - <==        Row: 8, 2013, 2, 3695-IM4, 1, 1, 1, 14000, 9
2018-11-06 15:44:43,424 [TRACE][main            ][r.ICarMapper.sortTaxisByFuelCons] - <==        Row: 4, 2016, 5, 1987-IM4, 2, 7, 1, 6000, 10
2018-11-06 15:44:43,424 [DEBUG][main            ][r.ICarMapper.sortTaxisByFuelCons] - <==      Total: 11
2018-11-06 15:44:43,424 [INFO ][main            ][        com.kdv.taxis.bean.Brand] - making toString method
2018-11-06 15:44:43,424 [INFO ][main            ][        com.kdv.taxis.bean.Brand] - making toString method
2018-11-06 15:44:43,424 [INFO ][main            ][        com.kdv.taxis.bean.Brand] - making toString method
2018-11-06 15:44:43,424 [INFO ][main            ][        com.kdv.taxis.bean.Brand] - making toString method
2018-11-06 15:44:43,424 [INFO ][main            ][        com.kdv.taxis.bean.Brand] - making toString method
2018-11-06 15:44:43,424 [INFO ][main            ][        com.kdv.taxis.bean.Brand] - making toString method
2018-11-06 15:44:43,424 [INFO ][main            ][        com.kdv.taxis.bean.Brand] - making toString method
2018-11-06 15:44:43,424 [INFO ][main            ][        com.kdv.taxis.bean.Brand] - making toString method
2018-11-06 15:44:43,424 [INFO ][main            ][        com.kdv.taxis.bean.Brand] - making toString method
2018-11-06 15:44:43,424 [INFO ][main            ][        com.kdv.taxis.bean.Brand] - making toString method
2018-11-06 15:44:43,424 [INFO ][main            ][        com.kdv.taxis.bean.Brand] - making toString method
2018-11-06 16:05:18,975 [DEBUG][main            ][apache.ibatis.logging.LogFactory] - Logging initialized using 'class org.apache.ibatis.logging.log4j.Log4jImpl' adapter.
2018-11-06 16:05:20,826 [DEBUG][main            ][apache.ibatis.logging.LogFactory] - Logging initialized using 'class org.apache.ibatis.logging.log4j.Log4jImpl' adapter.
2018-11-06 16:05:21,179 [DEBUG][main            ][tasource.pooled.PooledDataSource] - PooledDataSource forcefully closed/removed all connections.
2018-11-06 16:05:21,179 [DEBUG][main            ][tasource.pooled.PooledDataSource] - PooledDataSource forcefully closed/removed all connections.
2018-11-06 16:05:21,179 [DEBUG][main            ][tasource.pooled.PooledDataSource] - PooledDataSource forcefully closed/removed all connections.
2018-11-06 16:05:21,179 [DEBUG][main            ][tasource.pooled.PooledDataSource] - PooledDataSource forcefully closed/removed all connections.
2018-11-06 16:05:22,149 [DEBUG][main            ][transaction.jdbc.JdbcTransaction] - Opening JDBC Connection
2018-11-06 16:05:23,825 [DEBUG][main            ][tasource.pooled.PooledDataSource] - Created connection 795321555.
2018-11-06 16:05:23,825 [DEBUG][main            ][transaction.jdbc.JdbcTransaction] - Setting autocommit to false on JDBC Connection [org.mariadb.jdbc.MariaDbConnection@2f67a4d3]
2018-11-06 16:05:24,007 [DEBUG][main            ][xis.mapper.ICarMapper.getCarById] - ==>  Preparing: Select * from Car where id= ? 
2018-11-06 16:05:24,085 [DEBUG][main            ][xis.mapper.ICarMapper.getCarById] - ==> Parameters: 2(Integer)
2018-11-06 16:05:24,210 [TRACE][main            ][xis.mapper.ICarMapper.getCarById] - <==    Columns: id, year, review, regNumber, idBrand, idModel, idLevel, cost, fuelCons
2018-11-06 16:05:24,226 [TRACE][main            ][xis.mapper.ICarMapper.getCarById] - <==        Row: 2, 2010, 4, 1324-IM4, 3, 4, 2, 5000, 6
2018-11-06 16:05:24,226 [DEBUG][main            ][xis.mapper.ICarMapper.getCarById] - <==      Total: 1
2018-11-06 16:05:24,382 [DEBUG][main            ][xis.export2Json.Export2JsonBrand] - WRITE JSON FILE : taxis_car.jsonBY ID 2
2018-11-06 22:48:35,425 [DEBUG][main            ][kdv.taxis.dbapi.BrandServiceImpl] - TRY TO GET RESOURCE FROM mybatis-config.xml
2018-11-06 22:48:35,878 [DEBUG][main            ][apache.ibatis.logging.LogFactory] - Logging initialized using 'class org.apache.ibatis.logging.log4j.Log4jImpl' adapter.
2018-11-06 22:48:36,206 [DEBUG][main            ][apache.ibatis.logging.LogFactory] - Logging initialized using 'class org.apache.ibatis.logging.log4j.Log4jImpl' adapter.
2018-11-06 22:48:36,238 [DEBUG][main            ][tasource.pooled.PooledDataSource] - PooledDataSource forcefully closed/removed all connections.
2018-11-06 22:48:36,238 [DEBUG][main            ][tasource.pooled.PooledDataSource] - PooledDataSource forcefully closed/removed all connections.
2018-11-06 22:48:36,238 [DEBUG][main            ][tasource.pooled.PooledDataSource] - PooledDataSource forcefully closed/removed all connections.
2018-11-06 22:48:36,238 [DEBUG][main            ][tasource.pooled.PooledDataSource] - PooledDataSource forcefully closed/removed all connections.
2018-11-06 22:48:36,300 [DEBUG][main            ][        com.kdv.taxis.bean.Brand] - Set brand id
2018-11-06 22:48:36,300 [DEBUG][main            ][        com.kdv.taxis.bean.Brand] - Set brand name
2018-11-06 22:48:36,300 [DEBUG][main            ][        com.kdv.taxis.bean.Brand] - Set brand id
2018-11-06 22:48:36,300 [DEBUG][main            ][        com.kdv.taxis.bean.Brand] - Set brand name
2018-11-06 22:48:36,300 [DEBUG][main            ][        com.kdv.taxis.bean.Brand] - Set brand id
2018-11-06 22:48:36,300 [DEBUG][main            ][        com.kdv.taxis.bean.Brand] - Set brand name
2018-11-06 22:48:36,316 [DEBUG][main            ][transaction.jdbc.JdbcTransaction] - Opening JDBC Connection
2018-11-06 22:49:09,681 [DEBUG][main            ][kdv.taxis.dbapi.BrandServiceImpl] - TRY TO GET RESOURCE FROM mybatis-config.xml
2018-11-06 22:49:09,853 [DEBUG][main            ][apache.ibatis.logging.LogFactory] - Logging initialized using 'class org.apache.ibatis.logging.log4j.Log4jImpl' adapter.
2018-11-06 22:49:10,041 [DEBUG][main            ][apache.ibatis.logging.LogFactory] - Logging initialized using 'class org.apache.ibatis.logging.log4j.Log4jImpl' adapter.
2018-11-06 22:49:10,103 [DEBUG][main            ][tasource.pooled.PooledDataSource] - PooledDataSource forcefully closed/removed all connections.
2018-11-06 22:49:10,103 [DEBUG][main            ][tasource.pooled.PooledDataSource] - PooledDataSource forcefully closed/removed all connections.
2018-11-06 22:49:10,103 [DEBUG][main            ][tasource.pooled.PooledDataSource] - PooledDataSource forcefully closed/removed all connections.
2018-11-06 22:49:10,103 [DEBUG][main            ][tasource.pooled.PooledDataSource] - PooledDataSource forcefully closed/removed all connections.
2018-11-06 22:49:10,197 [DEBUG][main            ][        com.kdv.taxis.bean.Brand] - Set brand id
2018-11-06 22:49:10,197 [DEBUG][main            ][        com.kdv.taxis.bean.Brand] - Set brand name
2018-11-06 22:49:10,197 [DEBUG][main            ][        com.kdv.taxis.bean.Brand] - Set brand id
2018-11-06 22:49:10,197 [DEBUG][main            ][        com.kdv.taxis.bean.Brand] - Set brand name
2018-11-06 22:49:10,197 [DEBUG][main            ][        com.kdv.taxis.bean.Brand] - Set brand id
2018-11-06 22:49:10,197 [DEBUG][main            ][        com.kdv.taxis.bean.Brand] - Set brand name
2018-11-06 22:49:10,213 [DEBUG][main            ][transaction.jdbc.JdbcTransaction] - Opening JDBC Connection
2018-11-06 22:49:10,900 [DEBUG][main            ][tasource.pooled.PooledDataSource] - Created connection 1926004335.
2018-11-06 22:49:10,916 [DEBUG][main            ][transaction.jdbc.JdbcTransaction] - Setting autocommit to false on JDBC Connection [org.mariadb.jdbc.MariaDbConnection@72cc7e6f]
2018-11-06 22:49:10,978 [DEBUG][main            ][per.IBrandMapper.getAllBrandList] - ==>  Preparing: Select * from Brand 
2018-11-06 22:49:11,041 [DEBUG][main            ][per.IBrandMapper.getAllBrandList] - ==> Parameters: 
2018-11-06 22:49:11,228 [TRACE][main            ][per.IBrandMapper.getAllBrandList] - <==    Columns: id, name
2018-11-06 22:49:11,228 [TRACE][main            ][per.IBrandMapper.getAllBrandList] - <==        Row: 1, AUDI
2018-11-06 22:49:11,244 [DEBUG][main            ][        com.kdv.taxis.bean.Brand] - Set brand id
2018-11-06 22:49:11,244 [DEBUG][main            ][        com.kdv.taxis.bean.Brand] - Set brand name
2018-11-06 22:49:11,244 [TRACE][main            ][per.IBrandMapper.getAllBrandList] - <==        Row: 2, VW
2018-11-06 22:49:11,244 [DEBUG][main            ][        com.kdv.taxis.bean.Brand] - Set brand id
2018-11-06 22:49:11,244 [DEBUG][main            ][        com.kdv.taxis.bean.Brand] - Set brand name
2018-11-06 22:49:11,244 [TRACE][main            ][per.IBrandMapper.getAllBrandList] - <==        Row: 3, FORD
2018-11-06 22:49:11,244 [DEBUG][main            ][        com.kdv.taxis.bean.Brand] - Set brand id
2018-11-06 22:49:11,244 [DEBUG][main            ][        com.kdv.taxis.bean.Brand] - Set brand name
2018-11-06 22:49:11,244 [DEBUG][main            ][per.IBrandMapper.getAllBrandList] - <==      Total: 3
2018-11-06 22:49:11,259 [DEBUG][main            ][kdv.taxis.dbapi.BrandServiceImpl] - GET ALL BRANDS FROM TAXIS.BRAND 
2018-11-06 22:51:28,799 [DEBUG][main            ][kdv.taxis.dbapi.BrandServiceImpl] - TRY TO GET RESOURCE FROM mybatis-config.xml
2018-11-06 22:51:29,174 [DEBUG][main            ][apache.ibatis.logging.LogFactory] - Logging initialized using 'class org.apache.ibatis.logging.log4j.Log4jImpl' adapter.
2018-11-06 22:51:29,424 [DEBUG][main            ][apache.ibatis.logging.LogFactory] - Logging initialized using 'class org.apache.ibatis.logging.log4j.Log4jImpl' adapter.
2018-11-06 22:51:29,471 [DEBUG][main            ][tasource.pooled.PooledDataSource] - PooledDataSource forcefully closed/removed all connections.
2018-11-06 22:51:29,471 [DEBUG][main            ][tasource.pooled.PooledDataSource] - PooledDataSource forcefully closed/removed all connections.
2018-11-06 22:51:29,471 [DEBUG][main            ][tasource.pooled.PooledDataSource] - PooledDataSource forcefully closed/removed all connections.
2018-11-06 22:51:29,471 [DEBUG][main            ][tasource.pooled.PooledDataSource] - PooledDataSource forcefully closed/removed all connections.
2018-11-06 22:51:29,533 [DEBUG][main            ][        com.kdv.taxis.bean.Brand] - Set brand id
2018-11-06 22:51:29,533 [DEBUG][main            ][        com.kdv.taxis.bean.Brand] - Set brand name
2018-11-06 22:51:29,533 [DEBUG][main            ][        com.kdv.taxis.bean.Brand] - Set brand id
2018-11-06 22:51:29,533 [DEBUG][main            ][        com.kdv.taxis.bean.Brand] - Set brand name
2018-11-06 22:51:29,533 [DEBUG][main            ][        com.kdv.taxis.bean.Brand] - Set brand id
2018-11-06 22:51:29,533 [DEBUG][main            ][        com.kdv.taxis.bean.Brand] - Set brand name
2018-11-06 22:51:29,549 [DEBUG][main            ][transaction.jdbc.JdbcTransaction] - Opening JDBC Connection
2018-11-06 22:51:29,736 [DEBUG][main            ][tasource.pooled.PooledDataSource] - Created connection 1926004335.
2018-11-06 22:51:29,736 [DEBUG][main            ][transaction.jdbc.JdbcTransaction] - Setting autocommit to false on JDBC Connection [org.mariadb.jdbc.MariaDbConnection@72cc7e6f]
2018-11-06 22:51:29,799 [DEBUG][main            ][per.IBrandMapper.getAllBrandList] - ==>  Preparing: Select * from Brand 
2018-11-06 22:51:29,877 [DEBUG][main            ][per.IBrandMapper.getAllBrandList] - ==> Parameters: 
2018-11-06 22:51:29,924 [TRACE][main            ][per.IBrandMapper.getAllBrandList] - <==    Columns: id, name
2018-11-06 22:51:29,924 [TRACE][main            ][per.IBrandMapper.getAllBrandList] - <==        Row: 1, AUDI
2018-11-06 22:51:29,924 [DEBUG][main            ][        com.kdv.taxis.bean.Brand] - Set brand id
2018-11-06 22:51:29,924 [DEBUG][main            ][        com.kdv.taxis.bean.Brand] - Set brand name
2018-11-06 22:51:29,924 [TRACE][main            ][per.IBrandMapper.getAllBrandList] - <==        Row: 2, VW
2018-11-06 22:51:29,924 [DEBUG][main            ][        com.kdv.taxis.bean.Brand] - Set brand id
2018-11-06 22:51:29,924 [DEBUG][main            ][        com.kdv.taxis.bean.Brand] - Set brand name
2018-11-06 22:51:29,924 [TRACE][main            ][per.IBrandMapper.getAllBrandList] - <==        Row: 3, FORD
2018-11-06 22:51:29,924 [DEBUG][main            ][        com.kdv.taxis.bean.Brand] - Set brand id
2018-11-06 22:51:29,924 [DEBUG][main            ][        com.kdv.taxis.bean.Brand] - Set brand name
2018-11-06 22:51:29,924 [DEBUG][main            ][per.IBrandMapper.getAllBrandList] - <==      Total: 3
2018-11-06 22:51:29,924 [DEBUG][main            ][kdv.taxis.dbapi.BrandServiceImpl] - GET ALL BRANDS FROM TAXIS.BRAND 
2018-11-06 22:56:16,965 [DEBUG][main            ][kdv.taxis.dbapi.BrandServiceImpl] - TRY TO GET RESOURCE FROM mybatis-config.xml
2018-11-06 22:56:17,200 [DEBUG][main            ][apache.ibatis.logging.LogFactory] - Logging initialized using 'class org.apache.ibatis.logging.log4j.Log4jImpl' adapter.
2018-11-06 22:56:17,418 [DEBUG][main            ][apache.ibatis.logging.LogFactory] - Logging initialized using 'class org.apache.ibatis.logging.log4j.Log4jImpl' adapter.
2018-11-06 22:56:17,465 [DEBUG][main            ][tasource.pooled.PooledDataSource] - PooledDataSource forcefully closed/removed all connections.
2018-11-06 22:56:17,465 [DEBUG][main            ][tasource.pooled.PooledDataSource] - PooledDataSource forcefully closed/removed all connections.
2018-11-06 22:56:17,465 [DEBUG][main            ][tasource.pooled.PooledDataSource] - PooledDataSource forcefully closed/removed all connections.
2018-11-06 22:56:17,465 [DEBUG][main            ][tasource.pooled.PooledDataSource] - PooledDataSource forcefully closed/removed all connections.
2018-11-06 22:56:17,528 [DEBUG][main            ][        com.kdv.taxis.bean.Brand] - Set brand id
2018-11-06 22:56:17,528 [DEBUG][main            ][        com.kdv.taxis.bean.Brand] - Set brand name
2018-11-06 22:56:17,528 [DEBUG][main            ][        com.kdv.taxis.bean.Brand] - Set brand id
2018-11-06 22:56:17,528 [DEBUG][main            ][        com.kdv.taxis.bean.Brand] - Set brand name
2018-11-06 22:56:17,528 [DEBUG][main            ][        com.kdv.taxis.bean.Brand] - Set brand id
2018-11-06 22:56:17,528 [DEBUG][main            ][        com.kdv.taxis.bean.Brand] - Set brand name
2018-11-06 22:56:17,543 [DEBUG][main            ][transaction.jdbc.JdbcTransaction] - Opening JDBC Connection
2018-11-06 22:56:17,700 [DEBUG][main            ][tasource.pooled.PooledDataSource] - Created connection 1926004335.
2018-11-06 22:56:17,700 [DEBUG][main            ][transaction.jdbc.JdbcTransaction] - Setting autocommit to false on JDBC Connection [org.mariadb.jdbc.MariaDbConnection@72cc7e6f]
2018-11-06 22:56:17,731 [DEBUG][main            ][per.IBrandMapper.getAllBrandList] - ==>  Preparing: Select * from Brand 
2018-11-06 22:56:17,840 [DEBUG][main            ][per.IBrandMapper.getAllBrandList] - ==> Parameters: 
2018-11-06 22:56:17,887 [TRACE][main            ][per.IBrandMapper.getAllBrandList] - <==    Columns: id, name
2018-11-06 22:56:17,887 [TRACE][main            ][per.IBrandMapper.getAllBrandList] - <==        Row: 1, AUDI
2018-11-06 22:56:17,887 [DEBUG][main            ][        com.kdv.taxis.bean.Brand] - Set brand id
2018-11-06 22:56:17,887 [DEBUG][main            ][        com.kdv.taxis.bean.Brand] - Set brand name
2018-11-06 22:56:17,887 [TRACE][main            ][per.IBrandMapper.getAllBrandList] - <==        Row: 2, VW
2018-11-06 22:56:17,903 [DEBUG][main            ][        com.kdv.taxis.bean.Brand] - Set brand id
2018-11-06 22:56:17,903 [DEBUG][main            ][        com.kdv.taxis.bean.Brand] - Set brand name
2018-11-06 22:56:17,903 [TRACE][main            ][per.IBrandMapper.getAllBrandList] - <==        Row: 3, FORD
2018-11-06 22:56:17,903 [DEBUG][main            ][        com.kdv.taxis.bean.Brand] - Set brand id
2018-11-06 22:56:17,903 [DEBUG][main            ][        com.kdv.taxis.bean.Brand] - Set brand name
2018-11-06 22:56:17,903 [DEBUG][main            ][per.IBrandMapper.getAllBrandList] - <==      Total: 3
2018-11-06 22:56:17,903 [DEBUG][main            ][kdv.taxis.dbapi.BrandServiceImpl] - GET ALL BRANDS FROM TAXIS.BRAND 
2018-11-06 22:56:31,940 [DEBUG][main            ][kdv.taxis.dbapi.BrandServiceImpl] - TRY TO GET RESOURCE FROM mybatis-config.xml
2018-11-06 22:56:32,237 [DEBUG][main            ][apache.ibatis.logging.LogFactory] - Logging initialized using 'class org.apache.ibatis.logging.log4j.Log4jImpl' adapter.
2018-11-06 22:56:32,455 [DEBUG][main            ][apache.ibatis.logging.LogFactory] - Logging initialized using 'class org.apache.ibatis.logging.log4j.Log4jImpl' adapter.
2018-11-06 22:56:32,502 [DEBUG][main            ][tasource.pooled.PooledDataSource] - PooledDataSource forcefully closed/removed all connections.
2018-11-06 22:56:32,502 [DEBUG][main            ][tasource.pooled.PooledDataSource] - PooledDataSource forcefully closed/removed all connections.
2018-11-06 22:56:32,502 [DEBUG][main            ][tasource.pooled.PooledDataSource] - PooledDataSource forcefully closed/removed all connections.
2018-11-06 22:56:32,502 [DEBUG][main            ][tasource.pooled.PooledDataSource] - PooledDataSource forcefully closed/removed all connections.
2018-11-06 22:56:32,549 [DEBUG][main            ][        com.kdv.taxis.bean.Brand] - Set brand id
2018-11-06 22:56:32,549 [DEBUG][main            ][        com.kdv.taxis.bean.Brand] - Set brand name
2018-11-06 22:56:32,549 [DEBUG][main            ][        com.kdv.taxis.bean.Brand] - Set brand id
2018-11-06 22:56:32,549 [DEBUG][main            ][        com.kdv.taxis.bean.Brand] - Set brand name
2018-11-06 22:56:32,549 [DEBUG][main            ][        com.kdv.taxis.bean.Brand] - Set brand id
2018-11-06 22:56:32,549 [DEBUG][main            ][        com.kdv.taxis.bean.Brand] - Set brand name
2018-11-06 22:56:32,565 [DEBUG][main            ][transaction.jdbc.JdbcTransaction] - Opening JDBC Connection
2018-11-06 22:56:32,690 [DEBUG][main            ][tasource.pooled.PooledDataSource] - Created connection 1926004335.
2018-11-06 22:56:32,705 [DEBUG][main            ][transaction.jdbc.JdbcTransaction] - Setting autocommit to false on JDBC Connection [org.mariadb.jdbc.MariaDbConnection@72cc7e6f]
2018-11-06 22:56:32,737 [DEBUG][main            ][per.IBrandMapper.getAllBrandList] - ==>  Preparing: Select * from Brand 
2018-11-06 22:56:32,830 [DEBUG][main            ][per.IBrandMapper.getAllBrandList] - ==> Parameters: 
2018-11-06 22:56:32,862 [TRACE][main            ][per.IBrandMapper.getAllBrandList] - <==    Columns: id, name
2018-11-06 22:56:32,862 [TRACE][main            ][per.IBrandMapper.getAllBrandList] - <==        Row: 1, AUDI
2018-11-06 22:56:32,862 [DEBUG][main            ][        com.kdv.taxis.bean.Brand] - Set brand id
2018-11-06 22:56:32,877 [DEBUG][main            ][        com.kdv.taxis.bean.Brand] - Set brand name
2018-11-06 22:56:32,877 [TRACE][main            ][per.IBrandMapper.getAllBrandList] - <==        Row: 2, VW
2018-11-06 22:56:32,877 [DEBUG][main            ][        com.kdv.taxis.bean.Brand] - Set brand id
2018-11-06 22:56:32,877 [DEBUG][main            ][        com.kdv.taxis.bean.Brand] - Set brand name
2018-11-06 22:56:32,877 [TRACE][main            ][per.IBrandMapper.getAllBrandList] - <==        Row: 3, FORD
2018-11-06 22:56:32,877 [DEBUG][main            ][        com.kdv.taxis.bean.Brand] - Set brand id
2018-11-06 22:56:32,877 [DEBUG][main            ][        com.kdv.taxis.bean.Brand] - Set brand name
2018-11-06 22:56:32,877 [DEBUG][main            ][per.IBrandMapper.getAllBrandList] - <==      Total: 3
2018-11-06 22:56:32,877 [DEBUG][main            ][kdv.taxis.dbapi.BrandServiceImpl] - GET ALL BRANDS FROM TAXIS.BRAND 
2018-11-06 23:15:38,567 [INFO ][main            ][        com.kdv.taxis.bean.Brand] - making toString method
2018-11-06 23:16:07,085 [INFO ][main            ][        com.kdv.taxis.bean.Brand] - making toString method
2018-11-06 23:16:34,051 [INFO ][main            ][        com.kdv.taxis.bean.Brand] - making toString method
2018-11-06 23:17:25,723 [INFO ][main            ][        com.kdv.taxis.bean.Brand] - making toString method
2018-11-06 23:17:44,723 [INFO ][main            ][        com.kdv.taxis.bean.Brand] - making toString method
2018-11-06 23:17:53,458 [INFO ][main            ][        com.kdv.taxis.bean.Brand] - making toString method
2018-11-06 23:17:58,114 [INFO ][main            ][        com.kdv.taxis.bean.Brand] - making toString method
2018-11-06 23:18:00,286 [INFO ][main            ][        com.kdv.taxis.bean.Brand] - making toString method
2018-11-06 23:18:02,145 [INFO ][main            ][        com.kdv.taxis.bean.Brand] - making toString method
2018-11-06 23:18:05,864 [INFO ][main            ][        com.kdv.taxis.bean.Brand] - making toString method
2018-11-06 23:18:28,286 [INFO ][main            ][        com.kdv.taxis.bean.Brand] - making toString method
2018-11-06 23:20:28,309 [INFO ][main            ][        com.kdv.taxis.bean.Brand] - making toString method
2018-11-06 23:20:33,606 [INFO ][main            ][        com.kdv.taxis.bean.Brand] - making toString method
2018-11-06 23:20:36,012 [INFO ][main            ][        com.kdv.taxis.bean.Brand] - making toString method
2018-11-06 23:20:37,825 [INFO ][main            ][        com.kdv.taxis.bean.Brand] - making toString method
2018-11-06 23:20:38,419 [INFO ][main            ][        com.kdv.taxis.bean.Brand] - making toString method
2018-11-06 23:20:39,903 [INFO ][main            ][        com.kdv.taxis.bean.Brand] - making toString method
2018-11-06 23:20:42,981 [INFO ][main            ][        com.kdv.taxis.bean.Brand] - making toString method
2018-11-06 23:20:49,059 [INFO ][main            ][        com.kdv.taxis.bean.Brand] - making toString method
2018-11-06 23:20:51,043 [INFO ][main            ][        com.kdv.taxis.bean.Brand] - making toString method
2018-11-06 23:20:51,543 [INFO ][main            ][        com.kdv.taxis.bean.Brand] - making toString method
2018-11-06 23:21:03,059 [INFO ][main            ][        com.kdv.taxis.bean.Brand] - making toString method
2018-11-06 23:21:16,512 [INFO ][main            ][        com.kdv.taxis.bean.Brand] - making toString method
2018-11-06 23:21:24,012 [INFO ][main            ][        com.kdv.taxis.bean.Brand] - making toString method
2018-11-06 23:21:32,043 [INFO ][main            ][        com.kdv.taxis.bean.Brand] - making toString method
2018-11-06 23:21:39,715 [INFO ][main            ][        com.kdv.taxis.bean.Brand] - making toString method
2018-11-06 23:21:57,622 [INFO ][main            ][        com.kdv.taxis.bean.Brand] - making toString method
2018-11-06 23:22:38,309 [INFO ][main            ][        com.kdv.taxis.bean.Brand] - making toString method
2018-11-06 23:26:45,391 [INFO ][main            ][        com.kdv.taxis.bean.Brand] - making toString method
2018-11-06 23:26:49,126 [INFO ][main            ][        com.kdv.taxis.bean.Brand] - making toString method
2018-11-06 23:28:58,640 [INFO ][main            ][        com.kdv.taxis.bean.Brand] - making toString method
2018-11-06 23:28:58,656 [INFO ][main            ][        com.kdv.taxis.bean.Brand] - making toString method
2018-11-06 23:28:58,656 [INFO ][main            ][        com.kdv.taxis.bean.Brand] - making toString method
2018-11-06 23:30:24,282 [INFO ][main            ][        com.kdv.taxis.bean.Brand] - making toString method
2018-11-06 23:30:24,282 [INFO ][main            ][        com.kdv.taxis.bean.Brand] - making toString method
2018-11-06 23:30:24,282 [INFO ][main            ][        com.kdv.taxis.bean.Brand] - making toString method
2018-11-06 23:31:38,469 [DEBUG][main            ][        com.kdv.taxis.bean.Brand] - toString Method
2018-11-06 23:31:38,485 [DEBUG][main            ][        com.kdv.taxis.bean.Brand] - toString Method
2018-11-06 23:31:38,485 [DEBUG][main            ][        com.kdv.taxis.bean.Brand] - toString Method
2018-11-06 23:41:39,699 [DEBUG][main            ][kdv.taxis.jsonParser.JsonCarImpl] - CREATE BufferedReader
2018-11-06 23:41:39,824 [DEBUG][main            ][kdv.taxis.jsonParser.JsonCarImpl] - CREATE java.util.ArrayList<com.kdv.taxis.bean.Car>OBJECTS
2018-11-06 23:41:39,856 [DEBUG][main            ][        com.kdv.taxis.bean.Brand] - toString Method
2018-11-06 23:41:39,856 [DEBUG][main            ][        com.kdv.taxis.bean.Brand] - toString Method
2018-11-06 23:41:39,856 [DEBUG][main            ][        com.kdv.taxis.bean.Brand] - toString Method
2018-11-06 23:41:39,856 [DEBUG][main            ][        com.kdv.taxis.bean.Brand] - toString Method
2018-11-06 23:41:39,856 [DEBUG][main            ][        com.kdv.taxis.bean.Brand] - toString Method
2018-11-06 23:41:39,871 [DEBUG][main            ][        com.kdv.taxis.bean.Brand] - toString Method
2018-11-06 23:41:39,871 [DEBUG][main            ][        com.kdv.taxis.bean.Brand] - toString Method
2018-11-06 23:41:39,871 [DEBUG][main            ][        com.kdv.taxis.bean.Brand] - toString Method
2018-11-06 23:41:39,871 [DEBUG][main            ][        com.kdv.taxis.bean.Brand] - toString Method
2018-11-06 23:41:39,871 [DEBUG][main            ][        com.kdv.taxis.bean.Brand] - toString Method
2018-11-06 23:41:39,871 [DEBUG][main            ][        com.kdv.taxis.bean.Brand] - toString Method
2018-11-06 23:45:10,944 [DEBUG][main            ][kdv.taxis.jsonParser.JsonCarImpl] - CREATE BufferedReader
2018-11-06 23:45:11,101 [DEBUG][main            ][kdv.taxis.jsonParser.JsonCarImpl] - GET ALL CARS FROM d:\Project\Epam\Taxis\data\jsonData\taxis_car.json METHOD
2018-11-06 23:49:45,636 [DEBUG][main            ][kdv.taxis.jsonParser.JsonCarImpl] - CREATE BufferedReader
2018-11-06 23:49:45,808 [DEBUG][main            ][kdv.taxis.jsonParser.JsonCarImpl] - GET ALL CARS FROM d:\Project\Epam\Taxis\data\jsonData\taxis_car.json
2018-11-06 23:50:13,388 [DEBUG][main            ][kdv.taxis.jsonParser.JsonCarImpl] - CREATE BufferedReader
2018-11-06 23:50:13,575 [DEBUG][main            ][kdv.taxis.jsonParser.JsonCarImpl] - GET ALL CARS FROM d:\Project\Epam\Taxis\data\jsonData\taxis_car.json
2018-11-06 23:50:13,575 [DEBUG][main            ][kdv.taxis.jsonParser.JsonCarImpl] - GET CAR BY ID = 3FROM d:\Project\Epam\Taxis\data\jsonData\taxis_car.json
2018-11-06 23:58:30,981 [DEBUG][main            ][kdv.taxis.jsonParser.JsonCarImpl] - CREATE BufferedReader
2018-11-06 23:58:31,238 [DEBUG][main            ][kdv.taxis.jsonParser.JsonCarImpl] - GET ALL CARS FROM d:\Project\Epam\Taxis\data\jsonData\taxis_car.json
2018-11-07 00:00:20,672 [DEBUG][main            ][kdv.taxis.jsonParser.JsonCarImpl] - CREATE BufferedReader
2018-11-07 00:00:20,816 [DEBUG][main            ][kdv.taxis.jsonParser.JsonCarImpl] - GET ALL CARS FROM d:\Project\Epam\Taxis\data\jsonData\taxis_car.json
2018-11-07 00:00:20,829 [DEBUG][main            ][kdv.taxis.jsonParser.JsonCarImpl] - GET COST OF TAXIS FROM d:\Project\Epam\Taxis\data\jsonData\taxis_car.json
